2017-11-23T22:09:25.177-0500 I CONTROL  [main] Trying to start Windows service 'MongoDB'
2017-11-23T22:09:25.179-0500 I CONTROL  [initandlisten] MongoDB starting : pid=19316 port=27017 dbpath=c:\Users\Barry\DropBox\CIS197\penn-leases\data\db 64-bit host=Ozymandias
2017-11-23T22:09:25.179-0500 I CONTROL  [initandlisten] targetMinOS: Windows 7/Windows Server 2008 R2
2017-11-23T22:09:25.179-0500 I CONTROL  [initandlisten] db version v3.4.7
2017-11-23T22:09:25.179-0500 I CONTROL  [initandlisten] git version: cf38c1b8a0a8dca4a11737581beafef4fe120bcd
2017-11-23T22:09:25.179-0500 I CONTROL  [initandlisten] OpenSSL version: OpenSSL 1.0.1u-fips  22 Sep 2016
2017-11-23T22:09:25.180-0500 I CONTROL  [initandlisten] allocator: tcmalloc
2017-11-23T22:09:25.184-0500 I CONTROL  [initandlisten] modules: none
2017-11-23T22:09:25.184-0500 I CONTROL  [initandlisten] build environment:
2017-11-23T22:09:25.184-0500 I CONTROL  [initandlisten]     distmod: 2008plus-ssl
2017-11-23T22:09:25.184-0500 I CONTROL  [initandlisten]     distarch: x86_64
2017-11-23T22:09:25.184-0500 I CONTROL  [initandlisten]     target_arch: x86_64
2017-11-23T22:09:25.184-0500 I CONTROL  [initandlisten] options: { config: "C:/Users/Barry/DropBox/CIS197/penn-leases/data/mongod.cfg", service: true, storage: { dbPath: "c:\Users\Barry\DropBox\CIS197\penn-leases\data\db" }, systemLog: { destination: "file", path: "c:\Users\Barry\DropBox\CIS197\penn-leases\data\log\mongod.log" } }
2017-11-23T22:09:25.671-0500 I STORAGE  [initandlisten] wiredtiger_open config: create,cache_size=3530M,session_max=20000,eviction=(threads_min=4,threads_max=4),config_base=false,statistics=(fast),log=(enabled=true,archive=true,path=journal,compressor=snappy),file_manager=(close_idle_time=100000),checkpoint=(wait=60,log_size=2GB),statistics_log=(wait=0),
2017-11-23T22:09:27.418-0500 I CONTROL  [initandlisten] 
2017-11-23T22:09:27.418-0500 I CONTROL  [initandlisten] ** WARNING: Access control is not enabled for the database.
2017-11-23T22:09:27.418-0500 I CONTROL  [initandlisten] **          Read and write access to data and configuration is unrestricted.
2017-11-23T22:09:27.419-0500 I CONTROL  [initandlisten] 
2017-11-23T22:09:31.176-0500 I FTDC     [initandlisten] Initializing full-time diagnostic data capture with directory 'c:/Users/Barry/DropBox/CIS197/penn-leases/data/db/diagnostic.data'
2017-11-23T22:09:31.987-0500 I INDEX    [initandlisten] build index on: admin.system.version properties: { v: 2, key: { version: 1 }, name: "incompatible_with_version_32", ns: "admin.system.version" }
2017-11-23T22:09:31.987-0500 I INDEX    [initandlisten] 	 building index using bulk method; build may temporarily use up to 500 megabytes of RAM
2017-11-23T22:09:32.120-0500 I INDEX    [initandlisten] build index done.  scanned 0 total records. 0 secs
2017-11-23T22:09:32.122-0500 I COMMAND  [initandlisten] setting featureCompatibilityVersion to 3.4
2017-11-23T22:09:32.133-0500 I STORAGE  [initandlisten] Service running
2017-11-23T22:09:34.541-0500 I NETWORK  [thread1] waiting for connections on port 27017
2017-11-23T22:13:35.174-0500 I CONTROL  [serviceShutdown] got SERVICE_CONTROL_STOP request from Windows Service Control Manager, will terminate after current cmd ends
2017-11-23T22:13:35.174-0500 I NETWORK  [serviceShutdown] shutdown: going to close listening sockets...
2017-11-23T22:13:35.174-0500 I NETWORK  [serviceShutdown] closing listening socket: 548
2017-11-23T22:13:35.174-0500 I NETWORK  [serviceShutdown] shutdown: going to flush diaglog...
2017-11-23T22:13:35.174-0500 I FTDC     [serviceShutdown] Shutting down full-time diagnostic data capture
2017-11-23T22:13:35.195-0500 I STORAGE  [serviceShutdown] WiredTigerKVEngine shutting down
2017-11-23T22:13:35.535-0500 I STORAGE  [serviceShutdown] shutdown: removing fs lock...
2017-11-23T22:13:35.539-0500 I CONTROL  [serviceShutdown] now exiting
